2026/03/30 20:29:15 Connected to SQLite database
2026/03/30 20:29:15 SQLite WAL mode, synchronous=NORMAL, and temp_store=MEMORY enabled for SD card optimization
2026/03/30 20:29:15 Database schema initialized
2026/03/30 20:29:15 PollerManager: Syncing devices...
2026/03/30 20:29:15 Generating self-signed certificate...
2026/03/30 20:29:15 Starting HTTP server on :80 (fallback to :8080)
2026/03/30 20:29:15 Self-signed certificate generated.
2026/03/30 20:29:15 Starting HTTPS server on :443 (fallback to :8443)
2026/03/30 20:29:15 Failed to bind to :443 (listen tcp :443: bind: permission denied). Trying :8443 instead.
2026/03/30 20:29:15 Failed to bind to :80 (listen tcp :80: bind: permission denied). Trying :8080 instead.
2026/03/30 20:29:15 TariffManager: No data for today found, bypassing 13:30 check
2026/03/30 20:29:15 TariffManager: Fetching EPEX prices...
2026/03/30 20:29:15 TariffManager: Successfully fetched and stored 48 price points
2026/03/30 20:30:08 SSE client disconnected
2026/03/30 20:30:40 SSE client disconnected
2026/03/30 20:31:11 SSE client disconnected
2026/03/30 20:31:42 SSE client disconnected
2026/03/30 20:32:12 SSE client disconnected
2026/03/30 20:32:43 SSE client disconnected
2026/03/30 20:33:16 SSE client disconnected
2026/03/30 20:33:48 SSE client disconnected
2026/03/30 20:35:05 SSE client disconnected
2026/03/30 20:35:38 SSE client disconnected
2026/03/30 20:35:55 SSE client disconnected
2026/03/30 20:36:56 SSE client disconnected
2026/03/30 20:37:12 SSE client disconnected
2026/03/30 20:38:01 SSE client disconnected
2026/03/30 20:38:56 SSE client disconnected
2026/03/30 20:39:54 SSE client disconnected
